<?xml version="1.0" encoding="UTF-8" ?>
<<<<<<< HEAD
<testsuite tests="1" failures="0" name="com.ourteam.pcd.testDao.AppTest" time="0.077" errors="0" skipped="0">
=======
<testsuite tests="1" failures="0" name="com.ourteam.pcd.testDao.AppTest" time="0.148" errors="0" skipped="0">
>>>>>>> eb9f22e15f5fd008b7f6cf076bb779c1721815c1
  <properties>
    <property name="java.runtime.name" value="Java(TM) SE Runtime Environment"/>
    <property name="sun.boot.library.path" value="C:\Users\user\Desktop\Java\jdk1.8.0_161\jre\bin"/>
    <property name="java.vm.version" value="25.161-b12"/>
    <property name="java.vm.vendor" value="Oracle Corporation"/>
    <property name="maven.multiModuleProjectDirectory" value="C:\Users\user\Documents\GitHub\PCDGit2"/>
    <property name="java.vendor.url" value="http://java.oracle.com/"/>
    <property name="path.separator" value=";"/>
    <property name="guice.disable.misplaced.annotation.check" value="true"/>
    <property name="java.vm.name" value="Java HotSpot(TM) 64-Bit Server VM"/>
    <property name="file.encoding.pkg" value="sun.io"/>
    <property name="user.script" value=""/>
    <property name="user.country" value="US"/>
    <property name="sun.java.launcher" value="SUN_STANDARD"/>
    <property name="sun.os.patch.level" value=""/>
    <property name="java.vm.specification.name" value="Java Virtual Machine Specification"/>
    <property name="user.dir" value="C:\Users\user\Documents\GitHub\PCDGit2"/>
    <property name="java.runtime.version" value="1.8.0_161-b12"/>
    <property name="java.awt.graphicsenv" value="sun.awt.Win32GraphicsEnvironment"/>
    <property name="java.endorsed.dirs" value="C:\Users\user\Desktop\Java\jdk1.8.0_161\jre\lib\endorsed"/>
    <property name="os.arch" value="amd64"/>
    <property name="java.io.tmpdir" value="C:\Users\user\AppData\Local\Temp\"/>
    <property name="line.separator" value="
"/>
    <property name="java.vm.specification.vendor" value="Oracle Corporation"/>
    <property name="user.variant" value=""/>
    <property name="os.name" value="Windows 10"/>
<<<<<<< HEAD
    <property name="classworlds.conf" value="C:\Users\user\Documents\GitHub\.metadata\.plugins\org.eclipse.m2e.launching\launches\m2conf3320076265481046677.tmp"/>
=======
    <property name="classworlds.conf" value="C:\Users\user\Documents\GitHub\.metadata\.plugins\org.eclipse.m2e.launching\launches\m2conf1435237508731357871.tmp"/>
>>>>>>> eb9f22e15f5fd008b7f6cf076bb779c1721815c1
    <property name="sun.jnu.encoding" value="Cp1252"/>
    <property name="java.library.path" value="C:\Users\user\Desktop\Java\jdk1.8.0_161\bin;C:\WINDOWS\Sun\Java\bin;C:\WINDOWS\system32;C:\WINDOWS;C:/Users/user/Desktop/Java/jdk1.8.0_161/bin/../jre/bin/server;C:/Users/user/Desktop/Java/jdk1.8.0_161/bin/../jre/bin;C:/Users/user/Desktop/Java/jdk1.8.0_161/bin/../jre/lib/amd64;c:\MinGw\bin;c:\MinGw\libexec\gcc\x86_64-w64-mingw32\7.2.0;C:\Users\user\gcc\bin;C:\Users\user\gcc\libexec\gcc\x86_64-w64-mingw32\7.2.0;C:\Windows\system32;C:\Windows;C:\Windows\System32\Wbem;C:\oracle\product\10.2.0\db_2\bin;C:\Windows\System32\WindowsPowerShell\v1.0\;C:\Program Files (x86)\NVIDIA Corporation\PhysX\Common;C:\Program Files (x86)\GtkSharp\2.12\bin;C:\Program Files (x86)\NoteBook FanControl\;C:\Program Files\Microsoft SQL Server\130\Tools\Binn\;C:\Program Files\MySQL\MySQL Server 5.7\bin;C:\Users\user\Desktop\Java\jdk1.8.0_161\bin;;C:\WINDOWS\system32;C:\WINDOWS;C:\WINDOWS\System32\Wbem;C:\WINDOWS\System32\WindowsPowerShell\v1.0\;C:\Program Files\nodejs\;C:\Users\user\AppData\Local\Microsoft\WindowsApps;C:\Users\user\AppData\Local\GitHubDesktop\bin;C:\Users\user\AppData\Local\Microsoft\WindowsApps;C:\Users\user\AppData\Roaming\npm;C:\Users\user\Desktop;;."/>
    <property name="java.specification.name" value="Java Platform API Specification"/>
    <property name="java.class.version" value="52.0"/>
    <property name="sun.management.compiler" value="HotSpot 64-Bit Tiered Compilers"/>
    <property name="os.version" value="10.0"/>
    <property name="user.home" value="C:\Users\user"/>
    <property name="user.timezone" value="Africa/Luanda"/>
    <property name="java.awt.printerjob" value="sun.awt.windows.WPrinterJob"/>
    <property name="java.specification.version" value="1.8"/>
    <property name="file.encoding" value="Cp1252"/>
    <property name="user.name" value="user"/>
    <property name="java.class.path" value="C:\Users\user\.p2\pool\plugins\org.eclipse.m2e.maven.runtime_1.8.2.20171007-0216\jars\plexus-classworlds-2.5.2.jar"/>
    <property name="java.vm.specification.version" value="1.8"/>
    <property name="sun.arch.data.model" value="64"/>
    <property name="java.home" value="C:\Users\user\Desktop\Java\jdk1.8.0_161\jre"/>
    <property name="sun.java.command" value="org.codehaus.plexus.classworlds.launcher.Launcher -B clean install"/>
    <property name="java.specification.vendor" value="Oracle Corporation"/>
    <property name="user.language" value="en"/>
    <property name="awt.toolkit" value="sun.awt.windows.WToolkit"/>
    <property name="java.vm.info" value="mixed mode"/>
    <property name="java.version" value="1.8.0_161"/>
    <property name="java.ext.dirs" value="C:\Users\user\Desktop\Java\jdk1.8.0_161\jre\lib\ext;C:\WINDOWS\Sun\Java\lib\ext"/>
    <property name="sun.boot.class.path" value="C:\Users\user\Desktop\Java\jdk1.8.0_161\jre\lib\resources.jar;C:\Users\user\Desktop\Java\jdk1.8.0_161\jre\lib\rt.jar;C:\Users\user\Desktop\Java\jdk1.8.0_161\jre\lib\sunrsasign.jar;C:\Users\user\Desktop\Java\jdk1.8.0_161\jre\lib\jsse.jar;C:\Users\user\Desktop\Java\jdk1.8.0_161\jre\lib\jce.jar;C:\Users\user\Desktop\Java\jdk1.8.0_161\jre\lib\charsets.jar;C:\Users\user\Desktop\Java\jdk1.8.0_161\jre\lib\jfr.jar;C:\Users\user\Desktop\Java\jdk1.8.0_161\jre\classes"/>
    <property name="java.vendor" value="Oracle Corporation"/>
    <property name="maven.home" value="C:\Users\user\Documents\GitHub\PCDGit2\EMBEDDED"/>
    <property name="file.separator" value="\"/>
    <property name="java.vendor.url.bug" value="http://bugreport.sun.com/bugreport/"/>
    <property name="sun.cpu.endian" value="little"/>
    <property name="sun.io.unicode.encoding" value="UnicodeLittle"/>
    <property name="sun.desktop" value="windows"/>
    <property name="sun.cpu.isalist" value="amd64"/>
  </properties>
<<<<<<< HEAD
  <testcase classname="com.ourteam.pcd.testDao.AppTest" name="saveCompteAndAdmin" time="0.077"/>
=======
  <testcase classname="com.ourteam.pcd.testDao.AppTest" name="saveCompteAndAdmin" time="0.148"/>
>>>>>>> eb9f22e15f5fd008b7f6cf076bb779c1721815c1
</testsuite>